Started by user admin

[Pipeline] Start of Pipeline
[Pipeline] node
Running on Jenkins
 in /var/jenkins_home/workspace/jenkins-homework-pipeline-1
[Pipeline] {
[Pipeline] isUnix
[Pipeline] withEnv
[Pipeline] {
[Pipeline] sh
+ docker inspect -f . img-jenkins-agent-android-builder
.
[Pipeline] }
[Pipeline] // withEnv
[Pipeline] withDockerContainer
Jenkins seems to be running inside container 392a59b740ca1b8af680a1d05ff1ee100825d21a42a299435d73d65ddc7fb838
$ docker run -t -d -u 1000:1000 -it --memory=12g --cpus=4 -w /var/jenkins_home/workspace/jenkins-homework-pipeline-1 --volumes-from 392a59b740ca1b8af680a1d05ff1ee100825d21a42a299435d73d65ddc7fb838 -e ******** -e ******** -e ******** -e ******** -e ******** -e ******** -e ******** -e ******** -e ******** -e ******** -e ******** -e ******** -e ******** -e ******** -e ******** -e ******** -e ******** -e ******** -e ******** -e ******** -e ******** -e ******** -e ******** -e ******** -e ******** -e ******** img-jenkins-agent-android-builder cat
$ docker top 798270a91bcc065ce01d18a164ed017bd61b521f2f64ee7b436788b0ba7370b2 -eo pid,comm
[Pipeline] {
[Pipeline] stage
[Pipeline] { (clone)
[Pipeline] checkout
The recommended git tool is: NONE
No credentials specified
Warning: JENKINS-30600: special launcher org.jenkinsci.plugins.docker.workflow.WithContainerStep$Decorator$1@7f38bc96; decorates hudson.Launcher$LocalLauncher@53080dd7 will be ignored (a typical symptom is the Git executable not being run inside a designated container)
 > git rev-parse --resolve-git-dir /var/jenkins_home/workspace/jenkins-homework-pipeline-1/.git # timeout=10
Fetching changes from the remote Git repository
 > git config remote.origin.url https://github.com/bmv-2143/Views-Canvas_HomeWork_07 # timeout=10
Fetching upstream changes from https://github.com/bmv-2143/Views-Canvas_HomeWork_07
 > git --version # timeout=10
 > git --version # 'git version 2.39.5'
 > git fetch --tags --force --progress -- https://github.com/bmv-2143/Views-Canvas_HomeWork_07 +refs/heads/*:refs/remotes/origin/* # timeout=10
 > git rev-parse refs/remotes/origin/master^{commit} # timeout=10
Checking out Revision 3ba3b4a7bcd37ee70f508c30bfa94f3b022be79e (refs/remotes/origin/master)
 > git config core.sparsecheckout # timeout=10
 > git checkout -f 3ba3b4a7bcd37ee70f508c30bfa94f3b022be79e # timeout=10
Commit message: "fix: inject resources instead of app context"
 > git rev-list --no-walk 3ba3b4a7bcd37ee70f508c30bfa94f3b022be79e # timeout=10
[Pipeline] }
[Pipeline] // stage
[Pipeline] stage
[Pipeline] { (init)
[Pipeline] sh
+ chmod +x gradlew
[Pipeline] sh
+ ./gradlew
Downloading https://services.gradle.org/distributions/gradle-7.3-bin.zip

...........10%...........20%...........30%...........40%...........50%...........60%...........70%...........80%...........90%...........100%


Welcome to Gradle 7.3!

Here are the highlights of this release:
 - Easily declare new test suites in Java projects
 - Support for Java 17
 - Support for Scala 3

For more details see https://docs.gradle.org/7.3/release-notes.html

Starting a Gradle Daemon (subsequent builds will be faster)


> Task :help

Welcome to Gradle 7.3.

To run a build, run gradlew <task> ...

To see a list of available tasks, run gradlew tasks

To see more detail about a task, run gradlew help --task <task>

To see a list of command-line options, run gradlew --help

For more detail on using Gradle, see https://docs.gradle.org/7.3/userguide/command_line_interface.html

For troubleshooting, visit https://help.gradle.org

Deprecated Gradle features were used in this build, making it incompatible with Gradle 8.0.

You can use '--warning-mode all' to show the individual deprecation warnings and determine if they come from your own scripts or plugins.

See https://docs.gradle.org/7.3/userguide/command_line_interface.html#sec:command_line_warnings

BUILD SUCCESSFUL in 1m
1 actionable task: 1 executed

[Pipeline] }
[Pipeline] // stage
[Pipeline] stage
[Pipeline] { (lint)
[Pipeline] sh
+ ./gradlew lintDebug

Errors during XML parse:
Additionally, the fallback loader failed to parse the XML.
Errors during XML parse:
Additionally, the fallback loader failed to parse the XML.

Checking the license for package Android SDK Build-Tools 30.0.3 in /sdk/licenses
License for package Android SDK Build-Tools 30.0.3 accepted.
Preparing "Install Android SDK Build-Tools 30.0.3 (revision: 30.0.3)".

"Install Android SDK Build-Tools 30.0.3 (revision: 30.0.3)" ready.
Installing Android SDK Build-Tools 30.0.3 in /sdk/build-tools/30.0.3
"Install Android SDK Build-Tools 30.0.3 (revision: 30.0.3)" complete.
"Install Android SDK Build-Tools 30.0.3 (revision: 30.0.3)" finished.
Checking the license for package Android SDK Platform 31 in /sdk/licenses
License for package Android SDK Platform 31 accepted.
Preparing "Install Android SDK Platform 31 (revision: 1)".

"Install Android SDK Platform 31 (revision: 1)" ready.
Installing Android SDK Platform 31 in /sdk/platforms/android-31
"Install Android SDK Platform 31 (revision: 1)" complete.
"Install Android SDK Platform 31 (revision: 1)" finished.
> Task :app:preBuild UP-TO-DATE
> Task :app:preDebugBuild UP-TO-DATE
> Task :app:compileDebugAidl NO-SOURCE
> Task :app:compileDebugRenderscript NO-SOURCE

> Task :app:dataBindingMergeDependencyArtifactsDebug
> Task :app:dataBindingMergeGenClassesDebug
> Task :app:generateDebugResValues
> Task :app:generateDebugResources

> Task :app:generateDebugBuildConfig
> Task :app:checkDebugAarMetadata
> Task :app:createDebugCompatibleScreenManifests
> Task :app:extractDeepLinksDebug

> Task :app:mergeDebugResources
> Task :app:processDebugMainManifest
> Task :app:dataBindingGenBaseClassesDebug
> Task :app:processDebugManifest

> Task :app:preDebugAndroidTestBuild SKIPPED
> Task :app:javaPreCompileDebug

> Task :app:processDebugAndroidTestManifest
> Task :app:compileDebugAndroidTestRenderscript NO-SOURCE
> Task :app:extractProguardFiles
> Task :app:generateDebugAndroidTestResValues
> Task :app:processDebugManifestForPackage

> Task :app:processDebugResources

> Task :app:kaptGenerateStubsDebugKotlin
> Task :app:kaptDebugKotlin

> Task :app:compileDebugKotlin

> Task :app:compileDebugJavaWithJavac


> Task :app:hiltAggregateDepsDebug
WARNING: [Processor] Library '/home/jenkins/.gradle/caches/transforms-3/46377eeae3fff6a2f17cd36513e25c4f/transformed/core-1.8.0-api.jar' contains references to both AndroidX and old support library. This seems like the library is partially migrated. Jetifier will try to rewrite the library anyway.
 Example of androidX reference: 'androidx/core/R$styleable'
 Example of support library reference: 'android/support/v4/app/INotificationSideChannel$Default'


> Task :app:hiltJavaCompileDebug
> Task :app:bundleDebugClasses

> Task :app:lintAnalyzeDebug

w: Runtime JAR files in the classpath should have the same version. These files were found in the classpath:
    /home/jenkins/.gradle/caches/modules-2/files-2.1/org.jetbrains.kotlin/kotlin-stdlib-jdk8/1.6.0/baf82c475e9372c25407f3d132439e4aa803b8b8/kotlin-stdlib-jdk8-1.6.0.jar (version 1.6)
    /home/jenkins/.gradle/caches/modules-2/files-2.1/org.jetbrains.kotlin/kotlin-stdlib-jdk7/1.6.0/da6bdc87391322974a43ccc00a25536ae74dad51/kotlin-stdlib-jdk7-1.6.0.jar (version 1.6)
    /home/jenkins/.gradle/caches/modules-2/files-2.1/org.jetbrains.kotlin/kotlin-stdlib/1.7.10/d2abf9e77736acc4450dc4a3f707fa2c10f5099d/kotlin-stdlib-1.7.10.jar (version 1.7)
    /home/jenkins/.gradle/caches/modules-2/files-2.1/org.jetbrains.kotlin/kotlin-stdlib-common/1.7.10/bac80c520d0a9e3f3673bc2658c6ed02ef45a76a/kotlin-stdlib-common-1.7.10.jar (version 1.7)
w: Some runtime JAR files in the classpath have an incompatible version. Consider removing them from the classpath
e: /home/jenkins/.gradle/caches/modules-2/files-2.1/org.jetbrains.kotlin/kotlin-stdlib/1.7.10/d2abf9e77736acc4450dc4a3f707fa2c10f5099d/kotlin-stdlib-1.7.10.jar!/META-INF/kotlin-stdlib.kotlin_module: Module was compiled with an incompatible version of Kotlin. The binary version of its metadata is 1.7.1, expected version is 1.5.1.
e: /home/jenkins/.gradle/caches/modules-2/files-2.1/org.jetbrains.kotlin/kotlin-stdlib-common/1.7.10/bac80c520d0a9e3f3673bc2658c6ed02ef45a76a/kotlin-stdlib-common-1.7.10.jar!/META-INF/kotlin-stdlib-common.kotlin_module: Module was compiled with an incompatible version of Kotlin. The binary version of its metadata is 1.7.1, expected version is 1.5.1.
e: /var/jenkins_home/workspace/jenkins-homework-pipeline-1/app/build/intermediates/app_classes/debug/classes.jar!/META-INF/app_debug.kotlin_module: Module was compiled with an incompatible version of Kotlin. The binary version of its metadata is 1.7.1, expected version is 1.5.1.


> Task :app:lintReportDebug
w: Runtime JAR files in the classpath should have the same version. These files were found in the classpath:
    /home/jenkins/.gradle/caches/modules-2/files-2.1/org.jetbrains.kotlin/kotlin-stdlib-jdk8/1.6.0/baf82c475e9372c25407f3d132439e4aa803b8b8/kotlin-stdlib-jdk8-1.6.0.jar (version 1.6)
    /home/jenkins/.gradle/caches/modules-2/files-2.1/org.jetbrains.kotlin/kotlin-stdlib-jdk7/1.6.0/da6bdc87391322974a43ccc00a25536ae74dad51/kotlin-stdlib-jdk7-1.6.0.jar (version 1.6)
    /home/jenkins/.gradle/caches/modules-2/files-2.1/org.jetbrains.kotlin/kotlin-stdlib/1.7.10/d2abf9e77736acc4450dc4a3f707fa2c10f5099d/kotlin-stdlib-1.7.10.jar (version 1.7)
    /home/jenkins/.gradle/caches/modules-2/files-2.1/org.jetbrains.kotlin/kotlin-stdlib-common/1.7.10/bac80c520d0a9e3f3673bc2658c6ed02ef45a76a/kotlin-stdlib-common-1.7.10.jar (version 1.7)
w: Some runtime JAR files in the classpath have an incompatible version. Consider removing them from the classpath
Wrote HTML report to file:///var/jenkins_home/workspace/jenkins-homework-pipeline-1/app/build/reports/lint-results-debug.html

> Task :app:lintDebug

Deprecated Gradle features were used in this build, making it incompatible with Gradle 8.0.

You can use '--warning-mode all' to show the individual deprecation warnings and determine if they come from your own scripts or plugins.

See https://docs.gradle.org/7.3/userguide/command_line_interface.html#sec:command_line_warnings

BUILD SUCCESSFUL in 1m 40s
27 actionable tasks: 27 executed
[Pipeline] }
[Pipeline] // stage
[Pipeline] stage
[Pipeline] { (test)

[Pipeline] sh
+ ./gradlew testDebugUnitTest
> Task :app:preBuild UP-TO-DATE
> Task :app:preDebugBuild UP-TO-DATE
> Task :app:compileDebugAidl NO-SOURCE
> Task :app:compileDebugRenderscript NO-SOURCE
> Task :app:dataBindingMergeDependencyArtifactsDebug UP-TO-DATE
> Task :app:dataBindingMergeGenClassesDebug UP-TO-DATE
> Task :app:generateDebugResValues UP-TO-DATE
> Task :app:generateDebugResources UP-TO-DATE
> Task :app:mergeDebugResources UP-TO-DATE
> Task :app:dataBindingGenBaseClassesDebug UP-TO-DATE
> Task :app:generateDebugBuildConfig UP-TO-DATE
> Task :app:checkDebugAarMetadata UP-TO-DATE
> Task :app:createDebugCompatibleScreenManifests UP-TO-DATE
> Task :app:extractDeepLinksDebug UP-TO-DATE
> Task :app:processDebugMainManifest UP-TO-DATE
> Task :app:processDebugManifest UP-TO-DATE

> Task :app:processDebugManifestForPackage UP-TO-DATE
> Task :app:processDebugResources UP-TO-DATE
> Task :app:kaptGenerateStubsDebugKotlin UP-TO-DATE
> Task :app:kaptDebugKotlin UP-TO-DATE
> Task :app:compileDebugKotlin UP-TO-DATE
> Task :app:javaPreCompileDebug UP-TO-DATE
> Task :app:compileDebugJavaWithJavac UP-TO-DATE
> Task :app:hiltAggregateDepsDebug UP-TO-DATE
> Task :app:hiltJavaCompileDebug UP-TO-DATE
> Task :app:bundleDebugClasses UP-TO-DATE
> Task :app:preDebugUnitTestBuild UP-TO-DATE
> Task :app:processDebugJavaRes NO-SOURCE
> Task :app:processDebugUnitTestJavaRes NO-SOURCE
> Task :app:javaPreCompileDebugUnitTest
> Task :app:kaptGenerateStubsDebugUnitTestKotlin
> Task :app:kaptDebugUnitTestKotlin
> Task :app:transformDebugClassesWithAsm
> Task :app:bundleDebugClassesToRuntimeJar
> Task :app:compileDebugUnitTestKotlin
> Task :app:compileDebugUnitTestJavaWithJavac NO-SOURCE
> Task :app:hiltAggregateDepsDebugUnitTest
> Task :app:hiltJavaCompileDebugUnitTest NO-SOURCE
> Task :app:transformDebugUnitTestClassesWithAsm

> Task :app:testDebugUnitTest

Deprecated Gradle features were used in this build, making it incompatible with Gradle 8.0.

You can use '--warning-mode all' to show the individual deprecation warnings and determine if they come from your own scripts or plugins.

See https://docs.gradle.org/7.3/userguide/command_line_interface.html#sec:command_line_warnings

BUILD SUCCESSFUL in 2s
30 actionable tasks: 9 executed, 21 up-to-date
[Pipeline] }
[Pipeline] // stage
[Pipeline] stage
[Pipeline] { (build)

[Pipeline] sh
+ ./gradlew assembleDebug
> Task :app:preBuild UP-TO-DATE
> Task :app:preDebugBuild UP-TO-DATE
> Task :app:mergeDebugNativeDebugMetadata NO-SOURCE
> Task :app:compileDebugAidl NO-SOURCE
> Task :app:compileDebugRenderscript NO-SOURCE
> Task :app:dataBindingMergeDependencyArtifactsDebug UP-TO-DATE
> Task :app:dataBindingMergeGenClassesDebug UP-TO-DATE
> Task :app:generateDebugResValues UP-TO-DATE
> Task :app:generateDebugResources UP-TO-DATE
> Task :app:mergeDebugResources UP-TO-DATE
> Task :app:dataBindingGenBaseClassesDebug UP-TO-DATE
> Task :app:generateDebugBuildConfig UP-TO-DATE
> Task :app:checkDebugAarMetadata UP-TO-DATE
> Task :app:createDebugCompatibleScreenManifests UP-TO-DATE
> Task :app:extractDeepLinksDebug UP-TO-DATE
> Task :app:processDebugMainManifest UP-TO-DATE
> Task :app:processDebugManifest UP-TO-DATE
> Task :app:processDebugManifestForPackage UP-TO-DATE
> Task :app:processDebugResources UP-TO-DATE
> Task :app:kaptGenerateStubsDebugKotlin UP-TO-DATE
> Task :app:kaptDebugKotlin UP-TO-DATE
> Task :app:compileDebugKotlin UP-TO-DATE
> Task :app:javaPreCompileDebug UP-TO-DATE
> Task :app:compileDebugJavaWithJavac UP-TO-DATE
> Task :app:mergeDebugShaders
> Task :app:compileDebugShaders NO-SOURCE
> Task :app:generateDebugAssets UP-TO-DATE

> Task :app:mergeDebugAssets
> Task :app:compressDebugAssets
> Task :app:hiltAggregateDepsDebug UP-TO-DATE
> Task :app:hiltJavaCompileDebug UP-TO-DATE
> Task :app:processDebugJavaRes NO-SOURCE
> Task :app:checkDebugDuplicateClasses
> Task :app:desugarDebugFileDependencies
> Task :app:mergeDebugJavaResource

> Task :app:mergeLibDexDebug
> Task :app:transformDebugClassesWithAsm UP-TO-DATE
> Task :app:dexBuilderDebug
> Task :app:mergeDebugJniLibFolders
> Task :app:mergeDebugNativeLibs NO-SOURCE
> Task :app:stripDebugDebugSymbols NO-SOURCE
> Task :app:mergeProjectDexDebug
> Task :app:validateSigningDebug
> Task :app:writeDebugAppMetadata
> Task :app:writeDebugSigningConfigVersions

> Task :app:mergeExtDexDebug
> Task :app:packageDebug
> Task :app:createDebugApkListingFileRedirect
> Task :app:assembleDebug

Deprecated Gradle features were used in this build, making it incompatible with Gradle 8.0.

You can use '--warning-mode all' to show the individual deprecation warnings and determine if they come from your own scripts or plugins.

See https://docs.gradle.org/7.3/userguide/command_line_interface.html#sec:command_line_warnings

BUILD SUCCESSFUL in 14s
37 actionable tasks: 16 executed, 21 up-to-date
[Pipeline] }
[Pipeline] // stage
[Pipeline] stage
[Pipeline] { (Declarative: Post Actions)
[Pipeline] archiveArtifacts
Archiving artifacts
[Pipeline] }
[Pipeline] // stage
[Pipeline] }
$ docker stop --time=1 798270a91bcc065ce01d18a164ed017bd61b521f2f64ee7b436788b0ba7370b2

$ docker rm -f --volumes 798270a91bcc065ce01d18a164ed017bd61b521f2f64ee7b436788b0ba7370b2
[Pipeline] // withDockerContainer
[Pipeline] }
[Pipeline] // node
[Pipeline] End of Pipeline
Finished: SUCCESS
