Started by user admin

[Pipeline] Start of Pipeline
[Pipeline] node
Running on Jenkins
 in /var/jenkins_home/workspace/jenkins-homework-pipeline-2-branch-dependent-build
[Pipeline] {
[Pipeline] isUnix
[Pipeline] withEnv
[Pipeline] {
[Pipeline] sh
+ docker inspect -f . img-jenkins-agent-android-builder
.
[Pipeline] }
[Pipeline] // withEnv
[Pipeline] withDockerContainer
Jenkins seems to be running inside container 7d968e8634c0ff101f47f1c7057dffc8bfbc8425edc0d4a1aafb6419bca0b08e
$ docker run -t -d -u 1000:1000 -w /var/jenkins_home/workspace/jenkins-homework-pipeline-2-branch-dependent-build --volumes-from 7d968e8634c0ff101f47f1c7057dffc8bfbc8425edc0d4a1aafb6419bca0b08e -e ******** -e ******** -e ******** -e ******** -e ******** -e ******** -e ******** -e ******** -e ******** -e ******** -e ******** -e ******** -e ******** -e ******** -e ******** -e ******** -e ******** -e ******** -e ******** -e ******** -e ******** -e ******** -e ******** -e ******** -e ******** -e ******** -e ******** img-jenkins-agent-android-builder cat
$ docker top 38b2ddf50bb85126685bf25403e172cb50319ee14a45cae1d3810b6d8e85acdb -eo pid,comm
[Pipeline] {
[Pipeline] stage
[Pipeline] { (validate parameters)
[Pipeline] script
[Pipeline] {
[Pipeline] }
[Pipeline] // script
[Pipeline] }
[Pipeline] // stage
[Pipeline] stage
[Pipeline] { (prepare workspace)
[Pipeline] echo
Cleaning workspace...
[Pipeline] cleanWs
[WS-CLEANUP] Deleting project workspace...
[WS-CLEANUP] Deferred wipeout is used...
[WS-CLEANUP] done
[Pipeline] }
[Pipeline] // stage
[Pipeline] stage
[Pipeline] { (checkout)
[Pipeline] echo
Checking out branch: release
[Pipeline] checkout
The recommended git tool is: NONE
No credentials specified
Warning: JENKINS-30600: special launcher org.jenkinsci.plugins.docker.workflow.WithContainerStep$Decorator$1@1191a51e; decorates hudson.Launcher$LocalLauncher@18e2ed4f will be ignored (a typical symptom is the Git executable not being run inside a designated container)
Cloning the remote Git repository
Cloning repository https://github.com/bmv-2143/jenkins-empty-multibranch-app.git
 > git init /var/jenkins_home/workspace/jenkins-homework-pipeline-2-branch-dependent-build # timeout=10
Fetching upstream changes from https://github.com/bmv-2143/jenkins-empty-multibranch-app.git
 > git --version # timeout=10
 > git --version # 'git version 2.39.5'
 > git fetch --tags --force --progress -- https://github.com/bmv-2143/jenkins-empty-multibranch-app.git +refs/heads/*:refs/remotes/origin/* # timeout=10
 > git config remote.origin.url https://github.com/bmv-2143/jenkins-empty-multibranch-app.git # timeout=10
 > git config --add remote.origin.fetch +refs/heads/*:refs/remotes/origin/* # timeout=10
Avoid second fetch
 > git rev-parse refs/remotes/origin/release^{commit} # timeout=10
Checking out Revision f06201b2ec1260a51f6c66002125213c59c2513f (refs/remotes/origin/release)
 > git config core.sparsecheckout # timeout=10
 > git checkout -f f06201b2ec1260a51f6c66002125213c59c2513f # timeout=10
Commit message: "fix: dummy gradle tasks"
 > git rev-list --no-walk f06201b2ec1260a51f6c66002125213c59c2513f # timeout=10
[Pipeline] }
[Pipeline] // stage
[Pipeline] stage
[Pipeline] { (init)
[Pipeline] echo
Initializing project...
[Pipeline] sh
+ chmod +x gradlew
[Pipeline] sh
+ ./gradlew --version
Downloading https://services.gradle.org/distributions/gradle-8.9-bin.zip
............10%.............20%.............30%.............40%.............50%.............60%.............70%.............80%.............90%.............100%

Welcome to Gradle 8.9!

Here are the highlights of this release:
 - Enhanced Error and Warning Messages
 - IDE Integration Improvements
 - Daemon JVM Information

For more details see https://docs.gradle.org/8.9/release-notes.html


------------------------------------------------------------
Gradle 8.9
------------------------------------------------------------

Build time:    2024-07-11 14:37:41 UTC
Revision:      d536ef36a19186ccc596d8817123e5445f30fef8

Kotlin:        1.9.23
Groovy:        3.0.21
Ant:           Apache Ant(TM) version 1.10.13 compiled on January 4 2023
Launcher JVM:  17.0.13 (Ubuntu 17.0.13+11-Ubuntu-2ubuntu122.04)
Daemon JVM:    /usr/lib/jvm/java-17-openjdk-amd64 (no JDK specified, using current Java home)
OS:            Linux 6.10.14-linuxkit amd64

[Pipeline] }
[Pipeline] // stage
[Pipeline] stage
[Pipeline] { (unsupported branch)
Stage "unsupported branch" skipped due to when conditional
[Pipeline] getContext
[Pipeline] }
[Pipeline] // stage
[Pipeline] stage
[Pipeline] { (buildDevelop)
Stage "buildDevelop" skipped due to when conditional
[Pipeline] getContext
[Pipeline] }
[Pipeline] // stage
[Pipeline] stage
[Pipeline] { (buildRelease)
[Pipeline] echo
Running unit tests for release branch...
[Pipeline] sh
+ ./gradlew testReleaseUnitTest
Starting a Gradle Daemon (subsequent builds will be faster)
Errors during XML parse:
Additionally, the fallback loader failed to parse the XML.
Errors during XML parse:
Additionally, the fallback loader failed to parse the XML.
Checking the license for package Android SDK Build-Tools 34 in /sdk/licenses
License for package Android SDK Build-Tools 34 accepted.
Preparing "Install Android SDK Build-Tools 34 v.34.0.0".
"Install Android SDK Build-Tools 34 v.34.0.0" ready.
Installing Android SDK Build-Tools 34 in /sdk/build-tools/34.0.0
"Install Android SDK Build-Tools 34 v.34.0.0" complete.
"Install Android SDK Build-Tools 34 v.34.0.0" finished.
> Task :app:buildKotlinToolingMetadata
> Task :app:checkKotlinGradlePluginConfigurationErrors SKIPPED
> Task :app:preBuild UP-TO-DATE
> Task :app:preReleaseBuild UP-TO-DATE
> Task :app:generateReleaseResValues
> Task :app:checkReleaseAarMetadata
> Task :app:mapReleaseSourceSetPaths
> Task :app:generateReleaseResources
> Task :app:packageReleaseResources
> Task :app:mergeReleaseResources
> Task :app:createReleaseCompatibleScreenManifests
> Task :app:extractDeepLinksRelease
> Task :app:parseReleaseLocalResources
> Task :app:processReleaseMainManifest
> Task :app:processReleaseManifest
> Task :app:preReleaseUnitTestBuild UP-TO-DATE
> Task :app:javaPreCompileRelease
> Task :app:javaPreCompileReleaseUnitTest
> Task :app:processReleaseManifestForPackage
> Task :app:processReleaseResources
> Task :app:compileReleaseKotlin
> Task :app:compileReleaseJavaWithJavac NO-SOURCE
> Task :app:bundleReleaseClassesToCompileJar
> Task :app:bundleReleaseClassesToRuntimeJar
> Task :app:processReleaseJavaRes
> Task :app:compileReleaseUnitTestKotlin
> Task :app:compileReleaseUnitTestJavaWithJavac NO-SOURCE
> Task :app:processReleaseUnitTestJavaRes
> Task :app:testReleaseUnitTest

BUILD SUCCESSFUL in 2m 20s
23 actionable tasks: 23 executed
[Pipeline] echo
Build release...
[Pipeline] sh
+ ./gradlew assembleRelease
> Task :app:buildKotlinToolingMetadata UP-TO-DATE
> Task :app:checkKotlinGradlePluginConfigurationErrors SKIPPED
> Task :app:preBuild UP-TO-DATE
> Task :app:preReleaseBuild UP-TO-DATE
> Task :app:checkReleaseAarMetadata UP-TO-DATE
> Task :app:generateReleaseResValues UP-TO-DATE
> Task :app:mapReleaseSourceSetPaths UP-TO-DATE
> Task :app:generateReleaseResources UP-TO-DATE
> Task :app:mergeReleaseResources UP-TO-DATE
> Task :app:packageReleaseResources UP-TO-DATE
> Task :app:parseReleaseLocalResources UP-TO-DATE
> Task :app:createReleaseCompatibleScreenManifests UP-TO-DATE
> Task :app:extractDeepLinksRelease UP-TO-DATE
> Task :app:processReleaseMainManifest UP-TO-DATE
> Task :app:processReleaseManifest UP-TO-DATE
> Task :app:processReleaseManifestForPackage UP-TO-DATE
> Task :app:processReleaseResources UP-TO-DATE
> Task :app:compileReleaseKotlin UP-TO-DATE
> Task :app:javaPreCompileRelease UP-TO-DATE
> Task :app:compileReleaseJavaWithJavac NO-SOURCE
> Task :app:extractProguardFiles
> Task :app:generateReleaseLintVitalReportModel
> Task :app:lintVitalAnalyzeRelease
> Task :app:mergeReleaseJniLibFolders
> Task :app:mergeReleaseNativeLibs NO-SOURCE
> Task :app:stripReleaseDebugSymbols NO-SOURCE
> Task :app:extractReleaseNativeSymbolTables NO-SOURCE
> Task :app:mergeReleaseNativeDebugMetadata NO-SOURCE
> Task :app:checkReleaseDuplicateClasses
> Task :app:dexBuilderRelease
> Task :app:desugarReleaseFileDependencies
> Task :app:mergeReleaseStartupProfile
> Task :app:mergeReleaseArtProfile
> Task :app:mergeReleaseGlobalSynthetics
> Task :app:mergeReleaseShaders
> Task :app:compileReleaseShaders NO-SOURCE
> Task :app:generateReleaseAssets UP-TO-DATE
> Task :app:mergeReleaseAssets
> Task :app:compressReleaseAssets
> Task :app:extractReleaseVersionControlInfo
> Task :app:processReleaseJavaRes UP-TO-DATE
> Task :app:collectReleaseDependencies
> Task :app:sdkReleaseDependencyData
> Task :app:writeReleaseAppMetadata
> Task :app:writeReleaseSigningConfigVersions
> Task :app:optimizeReleaseResources
> Task :app:mergeReleaseJavaResource
> Task :app:mergeExtDexRelease
> Task :app:mergeDexRelease
> Task :app:compileReleaseArtProfile
> Task :app:packageRelease
> Task :app:createReleaseApkListingFileRedirect
> Task :app:lintVitalReportRelease
> Task :app:lintVitalRelease
> Task :app:assembleRelease

BUILD SUCCESSFUL in 51s
44 actionable tasks: 27 executed, 17 up-to-date
[Pipeline] script
[Pipeline] {
[Pipeline] input
Input requested
[Pipeline] }
[Pipeline] // script
[Pipeline] }
[Pipeline] // stage
[Pipeline] stage
[Pipeline] { (Declarative: Post Actions)
[Pipeline] echo
Archiving reports...
[Pipeline] archiveArtifacts
Archiving artifacts
[Pipeline] echo
Build completed.
[Pipeline] }
[Pipeline] // stage
[Pipeline] }
$ docker stop --time=1 38b2ddf50bb85126685bf25403e172cb50319ee14a45cae1d3810b6d8e85acdb
$ docker rm -f --volumes 38b2ddf50bb85126685bf25403e172cb50319ee14a45cae1d3810b6d8e85acdb
[Pipeline] // withDockerContainer
[Pipeline] }
[Pipeline] // node
[Pipeline] End of Pipeline
Rejected by admin
org.jenkinsci.plugins.workflow.actions.ErrorAction$ErrorId: 6a9b49ab-e281-45b3-a23d-41a37bf6d2db
Finished: ABORTED
